
Welcome to Gradle 8.10.2!

Here are the highlights of this release:
 - Support for Java 23
 - Faster configuration cache
 - Better configuration cache reports

For more details see https://docs.gradle.org/8.10.2/release-notes.html

Starting a Gradle Daemon (subsequent builds will be faster)
> Task :compileJava
> Task :processResources
> Task :classes
> Task :resolveMainClassName

> Task :bootRun

  .   ____          _            __ _ _
 /\\ / ___'_ __ _ _(_)_ __  __ _ \ \ \ \
( ( )\___ | '_ | '_| | '_ \/ _` | \ \ \ \
 \\/  ___)| |_)| | | | | || (_| |  ) ) ) )
  '  |____| .__|_| |_|_| |_\__, | / / / /
 =========|_|==============|___/=/_/_/_/

[32m :: Spring Boot :: [39m              [2m (v3.4.3)[0;39m

[2m2025-03-21T20:10:41.850-03:00[0;39m [32m INFO[0;39m [35m31767[0;39m [2m--- [taskboard] [           main] [0;39m[36mc.ulrich.taskboard.TaskboardApplication [0;39m [2m:[0;39m Starting TaskboardApplication using Java 17.0.14 with PID 31767 (/home/ulrich/dev/taskboard/build/classes/java/main started by ulrich in /home/ulrich/dev/taskboard)
[2m2025-03-21T20:10:41.852-03:00[0;39m [32m INFO[0;39m [35m31767[0;39m [2m--- [taskboard] [           main] [0;39m[36mc.ulrich.taskboard.TaskboardApplication [0;39m [2m:[0;39m No active profile set, falling back to 1 default profile: "default"
[2m2025-03-21T20:10:42.205-03:00[0;39m [32m INFO[0;39m [35m31767[0;39m [2m--- [taskboard] [           main] [0;39m[36mc.ulrich.taskboard.TaskboardApplication [0;39m [2m:[0;39m Started TaskboardApplication in 0.634 seconds (process running for 0.817)

BUILD SUCCESSFUL in 1m 8s
4 actionable tasks: 4 executed
